<?xml version="1.0" encoding="UTF-8"?>
<!-- Generated by org.testng.reporters.JUnitXMLReporter -->
<testsuite ignored="0" hostname="DESKTOP-TQN180S" failures="3" tests="3" name="Test" time="14.644" errors="0" timestamp="2025-03-10T15:46:49 IST">
  <testcase classname="com.TestCase.ExecutionClass" name="signupNew" time="0.012">
    <failure type="java.lang.NullPointerException" message="Cannot invoke &amp;quot;org.openqa.selenium.WebElement.click()&amp;quot; because the return value of &amp;quot;com.Pages.HomePage.getSignup()&amp;quot; is null">
      <![CDATA[java.lang.NullPointerException: Cannot invoke "org.openqa.selenium.WebElement.click()" because the return value of "com.Pages.HomePage.getSignup()" is null
at com.Pages.HomePage.signupPage(HomePage.java:61)
at com.TestCase.ExecutionClass.signupNew(ExecutionClass.java:41)
at java.base/java.util.ArrayList.forEach(ArrayList.java:1597)
... Removed 25 stack frames]]>
    </failure>
  </testcase> <!-- signupNew -->
  <testcase classname="com.TestCase.ExecutionClass" name="login" time="0.01">
    <failure type="java.lang.NullPointerException" message="Cannot invoke &amp;quot;org.openqa.selenium.WebElement.click()&amp;quot; because the return value of &amp;quot;com.Pages.HomePage.getLogin()&amp;quot; is null">
      <![CDATA[java.lang.NullPointerException: Cannot invoke "org.openqa.selenium.WebElement.click()" because the return value of "com.Pages.HomePage.getLogin()" is null
at com.Pages.HomePage.loginPage(HomePage.java:72)
at com.TestCase.ExecutionClass.login(ExecutionClass.java:47)
at java.base/java.util.ArrayList.forEach(ArrayList.java:1597)
... Removed 25 stack frames]]>
    </failure>
  </testcase> <!-- login -->
  <testcase classname="com.TestCase.ExecutionClass" name="checkout" time="0.015">
    <failure type="java.lang.NullPointerException" message="Cannot invoke &amp;quot;org.openqa.selenium.WebElement.click()&amp;quot; because the return value of &amp;quot;com.Pages.AddToCart.getCart()&amp;quot; is null">
      <![CDATA[java.lang.NullPointerException: Cannot invoke "org.openqa.selenium.WebElement.click()" because the return value of "com.Pages.AddToCart.getCart()" is null
at com.Pages.AddToCart.checkout(AddToCart.java:85)
at com.TestCase.ExecutionClass.checkout(ExecutionClass.java:60)
at java.base/java.util.ArrayList.forEach(ArrayList.java:1597)
... Removed 25 stack frames]]>
    </failure>
  </testcase> <!-- checkout -->
</testsuite> <!-- Test -->
